<?xml version="1.0" encoding="UTF-8"?>
<testsuite xmlns:xsi="http://www.w3.org/2001/XMLSchema-instance" xsi:noNamespaceSchemaLocation="https://maven.apache.org/surefire/maven-surefire-plugin/xsd/surefire-test-report-3.0.xsd" version="3.0" name="com.test.MiniAppTest" time="4.044" tests="27" errors="0" skipped="0" failures="0">
  <properties>
[...]
</properties>
  <testcase name="classStructure_mainMethod_isPublicAndStatic" classname="com.test.MiniAppTest" time="0.001"/>
  <testcase name="constants_serverPort_isPositive" classname="com.test.MiniAppTest" time="0.0"/>
  <testcase name="constants_configFilePath_isCorrect" classname="com.test.MiniAppTest" time="0.0"/>
  <testcase name="privateMethod_initializeLogging_existsAndDoesNotThrow" classname="com.test.MiniAppTest" time="0.001">
    <system-err><![CDATA[Failed to initialize logging: Permission denied
]]></system-err>
  </testcase>
  <testcase name="constructor_defaultConstructor_createsInstance" classname="com.test.MiniAppTest" time="0.001"/>
  <testcase name="constants_logFilePath_isCorrect" classname="com.test.MiniAppTest" time="0.001"/>
  <testcase name="lifecycle_loadConfigThenInitLogging_doesNotThrow" classname="com.test.MiniAppTest" time="0.001">
    <system-out><![CDATA[Warning: Configuration file not found at: /opt/app/config/app.properties
]]></system-out>
    <system-err><![CDATA[Failed to initialize logging: Permission denied
]]></system-err>
  </testcase>
  <testcase name="privateMethod_loadConfiguration_existsAndDoesNotThrow" classname="com.test.MiniAppTest" time="0.001">
    <system-out><![CDATA[Warning: Configuration file not found at: /opt/app/config/app.properties
]]></system-out>
  </testcase>
  <testcase name="lifecycle_initializeApplicationCalledMultipleTimes_doesNotThrow" classname="com.test.MiniAppTest" time="0.003">
    <system-out><![CDATA[Warning: Configuration file not found at: /opt/app/config/app.properties
Connecting to database...
Warning: Configuration file not found at: /opt/app/config/app.properties
Connecting to database...
]]></system-out>
    <system-err><![CDATA[Failed to initialize logging: Permission denied
Database connection failed: Communications link failure

The last packet sent successfully to the server was 0 milliseconds ago. The driver has not received any packets from the server.
Failed to initialize logging: Permission denied
Database connection failed: Communications link failure

The last packet sent successfully to the server was 0 milliseconds ago. The driver has not received any packets from the server.
]]></system-err>
  </testcase>
  <testcase name="classStructure_startServerMethod_isPrivate" classname="com.test.MiniAppTest" time="0.0"/>
  <testcase name="classStructure_mainMethod_acceptsStringArrayParam" classname="com.test.MiniAppTest" time="0.001"/>
  <testcase name="privateMethod_startServer_existsAndDoesNotThrow" classname="com.test.MiniAppTest" time="1.002">
    <system-out><![CDATA[Server started on port: 8080
Server ready to accept connections...
]]></system-out>
  </testcase>
  <testcase name="constants_logFilePath_isAbsolutePath" classname="com.test.MiniAppTest" time="0.001"/>
  <testcase name="classStructure_loadConfigurationMethod_isPrivate" classname="com.test.MiniAppTest" time="0.001"/>
  <testcase name="main_withNonEmptyArgs_doesNotThrow" classname="com.test.MiniAppTest" time="1.003">
    <system-out><![CDATA[Starting Mini Java Application...
Warning: Configuration file not found at: /opt/app/config/app.properties
Connecting to database...
Server started on port: 8080
Server ready to accept connections...
]]></system-out>
    <system-err><![CDATA[Failed to initialize logging: Permission denied
Database connection failed: Communications link failure

The last packet sent successfully to the server was 0 milliseconds ago. The driver has not received any packets from the server.
]]></system-err>
  </testcase>
  <testcase name="classStructure_isPublicAndConcrete" classname="com.test.MiniAppTest" time="0.001"/>
  <testcase name="constants_serverPort_is8080" classname="com.test.MiniAppTest" time="0.0"/>
  <testcase name="classStructure_initializeLoggingMethod_isPrivate" classname="com.test.MiniAppTest" time="0.001"/>
  <testcase name="constants_configFilePath_isNotNullOrBlank" classname="com.test.MiniAppTest" time="0.001"/>
  <testcase name="constants_configFilePath_isAbsolutePath" classname="com.test.MiniAppTest" time="0.001"/>
  <testcase name="constants_logFilePath_isNotNullOrBlank" classname="com.test.MiniAppTest" time="0.001"/>
  <testcase name="privateMethod_initializeApplication_existsAndDoesNotThrow" classname="com.test.MiniAppTest" time="0.002">
    <system-out><![CDATA[Warning: Configuration file not found at: /opt/app/config/app.properties
Connecting to database...
]]></system-out>
    <system-err><![CDATA[Failed to initialize logging: Permission denied
Database connection failed: Communications link failure

The last packet sent successfully to the server was 0 milliseconds ago. The driver has not received any packets from the server.
]]></system-err>
  </testcase>
  <testcase name="constructor_multipleInstances_areIndependent" classname="com.test.MiniAppTest" time="0.001"/>
  <testcase name="main_withEmptyArgs_doesNotThrow" classname="com.test.MiniAppTest" time="1.002">
    <system-out><![CDATA[Starting Mini Java Application...
Warning: Configuration file not found at: /opt/app/config/app.properties
Connecting to database...
Server started on port: 8080
Server ready to accept connections...
]]></system-out>
    <system-err><![CDATA[Failed to initialize logging: Permission denied
Database connection failed: Communications link failure

The last packet sent successfully to the server was 0 milliseconds ago. The driver has not received any packets from the server.
]]></system-err>
  </testcase>
  <testcase name="classStructure_initializeApplicationMethod_isPrivate" classname="com.test.MiniAppTest" time="0.0"/>
  <testcase name="constants_serverPort_isInValidTcpRange" classname="com.test.MiniAppTest" time="0.002"/>
  <testcase name="main_withNullArgs_doesNotThrow" classname="com.test.MiniAppTest" time="1.002">
    <system-out><![CDATA[Starting Mini Java Application...
Warning: Configuration file not found at: /opt/app/config/app.properties
Connecting to database...
Server started on port: 8080
Server ready to accept connections...
]]></system-out>
    <system-err><![CDATA[Failed to initialize logging: Permission denied
Database connection failed: Communications link failure

The last packet sent successfully to the server was 0 milliseconds ago. The driver has not received any packets from the server.
]]></system-err>
  </testcase>
</testsuite>