<?xml version="1.0" encoding="UTF-8"?>
<testsuite xmlns:xsi="http://www.w3.org/2001/XMLSchema-instance" xsi:noNamespaceSchemaLocation="https://maven.apache.org/surefire/maven-surefire-plugin/xsd/surefire-test-report-3.0.xsd" version="3.0" name="com.test.DatabaseServiceTest" time="1.529" tests="19" errors="0" skipped="0" failures="0">
  <properties>
[...]
</properties>
  <testcase name="executeQuery_sqlExceptionFromPrepare_doesNotPropagate" classname="com.test.DatabaseServiceTest" time="1.205">
    <system-err><![CDATA[WARNING: A Java agent has been loaded dynamically (/app/.m2/repository/net/bytebuddy/byte-buddy-agent/1.14.10/byte-buddy-agent-1.14.10.jar)
WARNING: If a serviceability tool is in use, please run with -XX:+EnableDynamicAgentLoading to hide this warning
WARNING: If a serviceability tool is not in use, please run with -Djdk.instrument.traceUsage for more information
WARNING: Dynamic loading of agents will be disallowed by default in a future release
Query execution failed: Syntax error
]]></system-err>
  </testcase>
  <testcase name="executeQuery_queryTimeoutSetTo30" classname="com.test.DatabaseServiceTest" time="0.2">
    <system-out><![CDATA[Executing query: SELECT 1
]]></system-out>
  </testcase>
  <testcase name="disconnect_alreadyClosedConnection_doesNotCallClose" classname="com.test.DatabaseServiceTest" time="0.002"/>
  <testcase name="connect_successfulConnection_setsConnectionField" classname="com.test.DatabaseServiceTest" time="0.064">
    <system-out><![CDATA[Connecting to database...
Connected to database: jdbc:mysql://localhost:3306/mini_app_db
Using username: root
Connecting to Redis cache at: 127.0.0.1:6379
Initializing external API: http://api.example.com:8080/v1
Initializing payment service: https://payment.internal.company.com/process
]]></system-out>
  </testcase>
  <testcase name="lifecycle_connectThenDisconnect_closesConnection" classname="com.test.DatabaseServiceTest" time="0.002">
    <system-out><![CDATA[Connecting to database...
Connected to database: jdbc:mysql://localhost:3306/mini_app_db
Using username: root
Connecting to Redis cache at: 127.0.0.1:6379
Initializing external API: http://api.example.com:8080/v1
Initializing payment service: https://payment.internal.company.com/process
Database connection closed
]]></system-out>
  </testcase>
  <testcase name="disconnect_sqlExceptionFromClose_doesNotPropagate" classname="com.test.DatabaseServiceTest" time="0.003">
    <system-err><![CDATA[Failed to close database connection: Close failed
]]></system-err>
  </testcase>
  <testcase name="connect_callsDriverManagerWithCorrectCredentials" classname="com.test.DatabaseServiceTest" time="0.002">
    <system-out><![CDATA[Connecting to database...
Connected to database: jdbc:mysql://localhost:3306/mini_app_db
Using username: root
Connecting to Redis cache at: 127.0.0.1:6379
Initializing external API: http://api.example.com:8080/v1
Initializing payment service: https://payment.internal.company.com/process
]]></system-out>
  </testcase>
  <testcase name="disconnect_nullConnection_doesNotThrow" classname="com.test.DatabaseServiceTest" time="0.001"/>
  <testcase name="executeQuery_openConnection_executesStatement" classname="com.test.DatabaseServiceTest" time="0.003">
    <system-out><![CDATA[Executing query: SELECT * FROM users
]]></system-out>
  </testcase>
  <testcase name="executeQuery_insertStatement_executed" classname="com.test.DatabaseServiceTest" time="0.002">
    <system-out><![CDATA[Executing query: INSERT INTO users (name) VALUES ('Alice')
]]></system-out>
  </testcase>
  <testcase name="executeQuery_sqlExceptionFromIsClosed_doesNotPropagate" classname="com.test.DatabaseServiceTest" time="0.002">
    <system-err><![CDATA[Query execution failed: Connection broken
]]></system-err>
  </testcase>
  <testcase name="disconnect_openConnection_closesConnection" classname="com.test.DatabaseServiceTest" time="0.002">
    <system-out><![CDATA[Database connection closed
]]></system-out>
  </testcase>
  <testcase name="executeQuery_nullConnection_doesNotThrow" classname="com.test.DatabaseServiceTest" time="0.001"/>
  <testcase name="executeQuery_updateStatement_executed" classname="com.test.DatabaseServiceTest" time="0.002">
    <system-out><![CDATA[Executing query: UPDATE users SET name='Bob' WHERE id=1
]]></system-out>
  </testcase>
  <testcase name="connect_sqlException_doesNotPropagate" classname="com.test.DatabaseServiceTest" time="0.002">
    <system-out><![CDATA[Connecting to database...
]]></system-out>
    <system-err><![CDATA[Database connection failed: Connection refused
]]></system-err>
  </testcase>
  <testcase name="constructor_defaultConstructor_connectionIsNull" classname="com.test.DatabaseServiceTest" time="0.001"/>
  <testcase name="executeQuery_emptySql_forwardedToPrepareStatement" classname="com.test.DatabaseServiceTest" time="0.002">
    <system-out><![CDATA[Executing query: 
]]></system-out>
  </testcase>
  <testcase name="executeQuery_closedConnection_doesNotThrow" classname="com.test.DatabaseServiceTest" time="0.001"/>
  <testcase name="disconnect_sqlExceptionFromIsClosed_doesNotPropagate" classname="com.test.DatabaseServiceTest" time="0.001">
    <system-err><![CDATA[Failed to close database connection: Connection broken
]]></system-err>
  </testcase>
</testsuite>